<?xml version="1.0" encoding="UTF-8"?>
<!-- Generated by org.testng.reporters.JUnitXMLReporter -->
<testsuite ignored="0" hostname="DESKTOP-2L70A79" failures="2" tests="8" name="Test" time="141.556" errors="0" timestamp="2024-03-15T13:54:36 IST">
  <testcase classname="testScripts.CreateContactTest" name="createNewContactTest" time="22.137">
    <failure type="java.lang.AssertionError" message="The following asserts failed:
	expected [Abc28] but found [Abc65]">
      <![CDATA[java.lang.AssertionError: The following asserts failed:
expected [Abc28] but found [Abc65]
at testScripts.CreateContactTest.createNewContactTest(CreateContactTest.java:37)
at java.base/java.util.ArrayList.forEach(ArrayList.java:1511)
... Removed 29 stack frames]]>
    </failure>
  </testcase> <!-- createNewContactTest -->
  <testcase classname="testScripts.CreateContactWithExistingOrgTest" name="createContactWithOrgTest" time="11.747">
    <failure type="java.lang.AssertionError" message="The following asserts failed:
	expected [Abc57] but found [Abc65]">
      <![CDATA[java.lang.AssertionError: The following asserts failed:
expected [Abc57] but found [Abc65]
at testScripts.CreateContactWithExistingOrgTest.createContactWithOrgTest(CreateContactWithExistingOrgTest.java:38)
at java.base/java.util.ArrayList.forEach(ArrayList.java:1511)
... Removed 29 stack frames]]>
    </failure>
  </testcase> <!-- createContactWithOrgTest -->
  <testcase classname="testScripts.CreateOrgWithTypeAndIndustryTest" name="createOrgWithTypeAndIndustryTest" time="8.352"/>
  <testcase classname="testScripts.CreateAndDeleteLeadTest" name="createAndDeleteLeadTest" time="14.027"/>
  <testcase classname="testScripts.CreateEventTest" name="createNewEventTest" time="5.243"/>
  <testcase classname="testScripts.CreateLeadTest" name="createNewLeadTest" time="9.778"/>
  <testcase classname="testScripts.CreateAndDuplicateLeadTest" name="createAndDuplicateLeadTest" time="16.197"/>
  <testcase classname="testScripts.CreateOrgTest" name="createNewOrgTest" time="8.191"/>
</testsuite> <!-- Test -->
