<?xml version="1.0" encoding="UTF-8"?>
<testng-results ignored="0" total="1" passed="1" failed="0" skipped="0">
  <reporter-output>
  </reporter-output>
  <suite started-at="2024-03-22T15:49:22 IST" name="Default suite" finished-at="2024-03-22T15:50:20 IST" duration-ms="58690">
    <groups>
    </groups>
    <test started-at="2024-03-22T15:49:22 IST" name="Default test" finished-at="2024-03-22T15:50:20 IST" duration-ms="58690">
      <class name="testScripts.CreateOrgTest">
        <test-method is-config="true" signature="classSetup()[pri:0, instance:testScripts.CreateOrgTest@1ed6388a]" started-at="2024-03-22T15:49:22 IST" name="classSetup" finished-at="2024-03-22T15:49:27 IST" duration-ms="5412" status="PASS">
          <reporter-output>
          </reporter-output>
        </test-method> <!-- classSetup -->
        <test-method is-config="true" signature="methodSetup()[pri:0, instance:testScripts.CreateOrgTest@1ed6388a]" started-at="2024-03-22T15:49:27 IST" name="methodSetup" finished-at="2024-03-22T15:49:34 IST" duration-ms="6834" status="PASS">
          <reporter-output>
          </reporter-output>
        </test-method> <!-- methodSetup -->
        <test-method signature="createNewOrgTest()[pri:0, instance:testScripts.CreateOrgTest@1ed6388a]" started-at="2024-03-22T15:49:34 IST" name="createNewOrgTest" finished-at="2024-03-22T15:50:17 IST" duration-ms="42585" status="PASS">
          <reporter-output>
          </reporter-output>
        </test-method> <!-- createNewOrgTest -->
        <test-method is-config="true" signature="methodTeardown()[pri:0, instance:testScripts.CreateOrgTest@1ed6388a]" started-at="2024-03-22T15:50:17 IST" name="methodTeardown" finished-at="2024-03-22T15:50:19 IST" duration-ms="2284" status="PASS">
          <reporter-output>
          </reporter-output>
        </test-method> <!-- methodTeardown -->
        <test-method is-config="true" signature="classTeardown()[pri:0, instance:testScripts.CreateOrgTest@1ed6388a]" started-at="2024-03-22T15:50:19 IST" name="classTeardown" finished-at="2024-03-22T15:50:20 IST" duration-ms="1485" status="PASS">
          <reporter-output>
          </reporter-output>
        </test-method> <!-- classTeardown -->
      </class> <!-- testScripts.CreateOrgTest -->
    </test> <!-- Default test -->
  </suite> <!-- Default suite -->
</testng-results>
